###########################################
# Sentaurus Visual I-2013.12.
# Tcl log file.
#------------------------------------------
# Date: Mar 06, 2015. 12:02:39.
# Version: 22.0.11 (1.11)
# Mode: Interactive (GUI).
# Hostname: hinzer01.
# Machine: Linux, x86_64, amd64.
# Kernel: 2.6.32-358.6.1.el6.x86_64.
###########################################

load_script_file /home/infofa/h/users/mwilkins/vis_tmp.cmd
cd /home/infofa/h/users/mwilkins
#-> 0
set_curve_prop -plot P1 Jph4 -color #808000
#-> 0
set_axis_prop -plot P1 -axis y -range {-0.0499589 0.2}
#-> 0
zoom_plot -plot P1 -factor 0.831176
move_plot -plot P1 -position {0.000730166 0.0599614}
#-> 0
exit 0
