****************************************************************************
***                               Inspect                                ***
***                          Version I-2013.12                           ***
***                            (1.3, RHEL64)                             ***
***                                                                      ***
***                       Copyright (C) 1994-2013                        ***
***                            Synopsys, Inc.                            ***
***                                                                      ***
***  This software and the associated documentation are confidential     ***
***  and proprietary to Synopsys, Inc.  Your use or disclosure of this   ***
***  software is subject to the terms and conditions of a written        ***
***  license agreement between you, or your company, and Synopsys, Inc.  ***
****************************************************************************

n,k plotter
n,k plotter
../../pardb/GaInP/Optics/TableODB/Default_4CPV
../../pardb/GaInP/Optics/TableODB/Default_4CPV/GaInP_nk_4CPV.csv
../../pardb/GaInP/Optics/TableODB/Default_4CPV
../../pardb/GaInP/Optics/TableODB/Default_4CPV/GaInP_nk_4CPV.csv
../../pardb/GaInP/Optics/TableODB/Default_4CPV
../../pardb/GaInP/Optics/TableODB/Default_4CPV/GaInP_nk_4CPV.csv
../../pardb/GaInP/Optics/TableODB/Default_4CPV
../../pardb/GaInP/Optics/TableODB/Default_4CPV/GaInP_nk_4CPV.csv
