###########################################
# Sentaurus Visual S-2021.06.
# Tcl log file.
#------------------------------------------
# Date: Jul. 05, 2023. 17:10:28.
# Version: 32.2.7041644 (2.7041644)
# Mode: Interactive (GUI).
# Mesa: enabled.
# Hostname: dyson.rdc.uolocal.
# Machine: Linux, x86_64, x86_64.
# Kernel: 3.10.0-1062.12.1.el7.x86_64.
###########################################

load_script_file /raidA/gforc034/STDB/tmp/MJ.vis.cmd
cd /raidA/gforc034/STDB/tmp
# ext::ExtractExtremum> Extracting minima
# ext::ExtractExtremum> Extracting maxima
#-> 0
select_plots {P3}
#-> P3
set_legend_prop -plot P3 -position {0.179379 0.781915}
#-> 0
select_plots {P4}
#-> P4
set_legend_prop -plot P4 -position {0.0635593 0.869681}
#-> 0
exit 0
 
