
****************************************************************************
***                           Sentaurus Visual                           ***
***                           Version S-2021.06                          ***
***                      (2.7041644, x86_64, Linux)                      ***
***                                                                      ***
***                        Copyright (c) 2012-2021                       ***
***                            Synopsys, Inc.                            ***
***  This software and the associated documentation are confidential     ***
***  and proprietary to Synopsys, Inc.  Your use or disclosure of this   ***
***  software is subject to the terms and conditions of a written        ***
***  license agreement between you, or your company, and Synopsys, Inc.  ***
****************************************************************************

Compiled Fri May  7 15:54:37 PDT 2021 on tcadbld12

Datexcodes: Found and Loaded at: '/CMC/tools/synopsys/sentaurus_vS_2021.06/bin/../tcad/current/lib/datexcodes.txt'.
Datexcodes: Found and Loaded at: '/CMC/tools/synopsys/sentaurus_vS_2021.06/tcad/current/lib/datexcodes.txt'.
Tcl-Library: path added: '/CMC/tools/synopsys/sentaurus_vS_2021.06/bin/../tcad/current/lib/svisuallib'.
Tcl-Library: path added: '/home/gforc034/svisuallib'.
Loading Custom Buttons interface ... works only in Interactive mode.
Loading EMW_FIT interface version 1
Loading Internal Library Version 0.7
Loading Extraction Library Version 2.3
Loading Physical Constants Library Version 0.4
Loading IFM Data Post-Processing Library Version 1.3.0
Loading RF Parameter Extraction Library Version 1.0.2
Tcl-Library: files successfully loaded: '7'.
#TCL: load_script_file /raidB/gforc034/STDB/AirPower/1550_PPC/pardb/mprPlotter/n6_vis.tcl
#TCL: cd /raidB/gforc034/STDB/AirPower/1550_PPC/pardb/mprPlotter
#TCL: #-> 0
