
****************************************************************************
***                       Sentaurus Workbench spp                        ***
***                          Version S-2021.06                           ***
***                      (2.7041644, x86_64, Linux)                      ***
***                                                                      ***
***                Copyright (c) 1994-2021 Synopsys, Inc.                ***
***                                                                      ***
***  This software and the associated documentation are confidential     ***
***  and proprietary to Synopsys, Inc.  Your use or disclosure of this   ***
***  software is subject to the terms and conditions of a written        ***
***  license agreement between you, or your company, and Synopsys, Inc.  ***
****************************************************************************

spp is running on host 'dyson.rdc.uolocal' by user 'gforc034'
Binary: '/CMC/tools/synopsys/sentaurus_vS_2021.06/bin/../tcad/current/linux64/bin/spp'
Command line options: '-verbose -i -e 6 /raidB/gforc034/STDB/AirPower/1550_PPC/pardb/mprPlotter'
Project organization 'Traditional'
Some relevant environment variables:
	STROOT=/CMC/tools/synopsys/sentaurus_vS_2021.06/bin/..
	STRELEASE=current
	STROOT_LIB=/CMC/tools/synopsys/sentaurus_vS_2021.06/bin/../tcad/current/lib
	STDB=/raidB/gforc034/STDB
	DATEX=/CMC/tools/synopsys/sentaurus_vS_2021.06/bin/../tcad/current/lib/datexcodes.txt
	DISPLAY=localhost:10.0

Preprocessing project '/raidB/gforc034/STDB/AirPower/1550_PPC/pardb/mprPlotter'
Loading global tool database '/CMC/tools/synopsys/sentaurus_vS_2021.06/bin/../tcad/current/lib/glib2/tooldb.tcl'
Loading user's tool database '/raidB/gforc034/STDB/tooldb_gforc034'
Application mode: traditional
spp will run in Global-per-node mode
INITIALIZING PREPROCESSOR:
Loading project tree '/raidB/gforc034/STDB/AirPower/1550_PPC/pardb/mprPlotter/gtree.dat'
Loading project variables '/raidB/gforc034/STDB/AirPower/1550_PPC/pardb/mprPlotter/gvars.dat'
--Get files to preprocess...
  -->/raidB/gforc034/STDB/AirPower/1550_PPC/pardb/mprPlotter/EgVsxMole_ins.cmd
  -->/raidB/gforc034/STDB/AirPower/1550_PPC/pardb/mprPlotter/svisual_vis.tcl
--Create file handlers...
--Read the toolflow...
--Analyze tool-file dependencies...
--Read all nodes to preprocess...
--Group nodes into experiments...
--Get all variables...
--Get all parameters...
PREPROCESSOR SUCCESSFULLY INITIALIZED.
PREPROCESSING STEP 1:
Reading file /raidB/gforc034/STDB/AirPower/1550_PPC/pardb/mprPlotter/EgVsxMole_ins.cmd
Reading file /raidB/gforc034/STDB/AirPower/1550_PPC/pardb/mprPlotter/svisual_vis.tcl
PREPROCESSING STEP 2:
---------------------------------------
Preprocessing file /raidB/gforc034/STDB/AirPower/1550_PPC/pardb/mprPlotter/svisual_vis.tcl for node 6
  -Parameter substitution: '@node|EgVsxMole@' has been replaced by '3'

  -Parameter substitution: '@targetFile@' has been replaced by 'Lumb_BSR.csv'

+++Preprocessed file written to /raidB/gforc034/STDB/AirPower/1550_PPC/pardb/mprPlotter/pp6_vis.cmd
  -Parameter substitution: '@commands@' has been replaced by 'pp6_vis.cmd'

  -Parameter substitution: '@node@' has been replaced by '6'

  -Parameter substitution: '@pwdout@' has been replaced by '/raidB/gforc034/STDB/AirPower/1550_PPC/pardb/mprPlotter'

  -Parameter substitution: '@nodedir@' has been replaced by '.'

  -Parameter substitution: '@node@' has been replaced by '6'

cmd_line:-b n6_vis.tcl
  -Parameter substitution: '@stdout@' has been replaced by 'n6_vis.out'

  -Parameter substitution: '@node@' has been replaced by '6'

post_tcl_cmd: extract_vars "$nodedir" n6_vis.out 6 
The node '6' has dependencies to the node(s) '3'
Writing 'gexec.cmd'
saving variables
PREPROCESSING FINISHED, Tue Apr 19 12:37:01 2022
STATUS: Ok
Processing time = 0 s

