
****************************************************************************
***                       Sentaurus Workbench spp                        ***
***                          Version G-2012.06                           ***
***                         (1.7, amd64, linux)                          ***
***                                                                      ***
***                       Copyright (C) 1994-2012                        ***
***                            Synopsys, Inc.                            ***
***                                                                      ***
***  This software and the associated documentation are confidential     ***
***  and proprietary to Synopsys, Inc.  Your use or disclosure of this   ***
***  software is subject to the terms and conditions of a written        ***
***  license agreement between you, or your company, and Synopsys, Inc.  ***
****************************************************************************

spp is running on host 'hinzer01.site.uottawa.ca' by user 'mwilkins'
Binary: 'spp'
Command line options: '-verbose -i -e 2 -verbose /h/mwilkins/STDB/dn4JCell/pardb/mprPlotter-MJSC'
Some relevant environment variables:
	STROOT=/CMC/tools/synopsys.2012.06/sentaurus/bin/..
	STRELEASE=current
	STROOT_LIB=/CMC/tools/synopsys.2012.06/sentaurus/bin/../tcad/current/lib
	STDB=/h/mwilkins/STDB
	DATEX=/CMC/tools/synopsys.2012.06/sentaurus/bin/../tcad/current/lib/datexcodes.txt
	DISPLAY=:0.0

relativizing paths:
project path: /h/mwilkins/STDB/dn4JCell/pardb/mprPlotter-MJSC
STDB path: @STDB@
Preprocessing project '@STDB@/dn4JCell/pardb/mprPlotter-MJSC'
Loading global tool database '/CMC/tools/synopsys.2012.06/sentaurus/bin/../tcad/current/lib/glib2/tooldb.tcl'
Loading preferences '/h/mwilkins/STDB/gpref2_mwilkins.G-2012.06'...
spp will run in Global-per-node mode
INITIALIZING PREPROCESSOR:
Loading project tree '/h/mwilkins/STDB/dn4JCell/pardb/mprPlotter-MJSC/gtree.dat'
Loading project variables '/h/mwilkins/STDB/dn4JCell/pardb/mprPlotter-MJSC/gvars.dat'
--Get files to preprocess...
  -->/h/mwilkins/STDB/dn4JCell/pardb/mprPlotter-MJSC/Absorption_ins.cmd
  -->/h/mwilkins/STDB/dn4JCell/pardb/mprPlotter-MJSC/Mobility_ins.cmd
  -->/h/mwilkins/STDB/dn4JCell/pardb/mprPlotter-MJSC/DiffusionLength_ins.cmd
  -->/h/mwilkins/STDB/dn4JCell/pardb/mprPlotter-MJSC/InGaAsAbsorp_ins.cmd
--Create file handlers...
--Read the toolflow...
--Analyze tool-file dependencies...
--Read all nodes to preprocess...
--Group nodes into experiments...
--Get all variables...
--Get all parameters...
PREPROCESSOR SUCCESSFULLY INITIALIZED.
PREPROCESSING STEP 1:
Reading file /h/mwilkins/STDB/dn4JCell/pardb/mprPlotter-MJSC/Absorption_ins.cmd
Reading file /h/mwilkins/STDB/dn4JCell/pardb/mprPlotter-MJSC/Mobility_ins.cmd
Reading file /h/mwilkins/STDB/dn4JCell/pardb/mprPlotter-MJSC/DiffusionLength_ins.cmd
Reading file /h/mwilkins/STDB/dn4JCell/pardb/mprPlotter-MJSC/InGaAsAbsorp_ins.cmd
PREPROCESSING STEP 2:
Preprocessing file /h/mwilkins/STDB/dn4JCell/pardb/mprPlotter-MJSC/Mobility_ins.cmd fornode 2
+++Preprocessed file written to /h/mwilkins/STDB/dn4JCell/pardb/mprPlotter-MJSC/pp2_ins.cmd
  -Parameter substitution: '@commands@' has been replaced by 'pp2_ins.cmd'

cmd_line:-f pp2_ins.cmd
  -Parameter substitution: '@stdout@' has been replaced by 'n2_ins.out'

  -Parameter substitution: '@node@' has been replaced by '2'

post_tcl_cmd: extract_vars "$wdir" n2_ins.out 2 
Writing 'gexec.cmd'
saving variables
PREPROCESSING FINISHED, Thu Jul  4 15:02:18 2013
STATUS: Ok
Processing time = 0 s

